<?xml version="1.0" encoding="UTF-8"?>
<testng-results ignored="0" total="2" passed="2" failed="0" skipped="0">
  <reporter-output>
  </reporter-output>
  <suite started-at="2025-02-24T12:09:52 IST" name="Suite" finished-at="2025-02-24T12:10:02 IST" duration-ms="10569">
    <groups>
    </groups>
    <test started-at="2025-02-24T12:09:52 IST" name="Test" finished-at="2025-02-24T12:10:02 IST" duration-ms="10569">
      <class name="com.nokri.UpdateNokriProfile">
        <test-method is-config="true" signature="setUp()[pri:0, instance:com.nokri.UpdateNokriProfile@c730b35]" started-at="2025-02-24T12:09:52 IST" name="setUp" finished-at="2025-02-24T12:09:59 IST" duration-ms="6806" status="PASS">
          <reporter-output>
          </reporter-output>
        </test-method> <!-- setUp -->
        <test-method signature="updateResume()[pri:1, instance:com.nokri.UpdateNokriProfile@c730b35]" started-at="2025-02-24T12:09:59 IST" name="updateResume" finished-at="2025-02-24T12:09:59 IST" duration-ms="711" status="PASS">
          <reporter-output>
          </reporter-output>
        </test-method> <!-- updateResume -->
        <test-method signature="updateProfile()[pri:2, instance:com.nokri.UpdateNokriProfile@c730b35]" started-at="2025-02-24T12:09:59 IST" name="updateProfile" finished-at="2025-02-24T12:10:02 IST" duration-ms="2767" status="PASS">
          <reporter-output>
          </reporter-output>
        </test-method> <!-- updateProfile -->
        <test-method is-config="true" signature="tearDown()[pri:0, instance:com.nokri.UpdateNokriProfile@c730b35]" started-at="2025-02-24T12:10:02 IST" name="tearDown" finished-at="2025-02-24T12:10:02 IST" duration-ms="238" status="PASS">
          <reporter-output>
          </reporter-output>
        </test-method> <!-- tearDown -->
      </class> <!-- com.nokri.UpdateNokriProfile -->
    </test> <!-- Test -->
  </suite> <!-- Suite -->
</testng-results>
