<?xml version="1.0" encoding="UTF-8"?>
<testng-results ignored="0" total="2" passed="2" failed="0" skipped="0">
  <reporter-output>
  </reporter-output>
  <suite started-at="2025-02-24T10:34:17 IST" name="Default suite" finished-at="2025-02-24T10:34:27 IST" duration-ms="9510">
    <groups>
    </groups>
    <test started-at="2025-02-24T10:34:17 IST" name="Default test" finished-at="2025-02-24T10:34:27 IST" duration-ms="9510">
      <class name="com.nokri.UpdateNokriProfile">
        <test-method is-config="true" signature="setUp()[pri:0, instance:com.nokri.UpdateNokriProfile@c730b35]" started-at="2025-02-24T10:34:17 IST" name="setUp" finished-at="2025-02-24T10:34:22 IST" duration-ms="5089" status="PASS">
          <reporter-output>
          </reporter-output>
        </test-method> <!-- setUp -->
        <test-method signature="updateResume()[pri:1, instance:com.nokri.UpdateNokriProfile@c730b35]" started-at="2025-02-24T10:34:22 IST" name="updateResume" finished-at="2025-02-24T10:34:23 IST" duration-ms="822" status="PASS">
          <reporter-output>
          </reporter-output>
        </test-method> <!-- updateResume -->
        <test-method signature="updateProfile()[pri:2, instance:com.nokri.UpdateNokriProfile@c730b35]" started-at="2025-02-24T10:34:23 IST" name="updateProfile" finished-at="2025-02-24T10:34:27 IST" duration-ms="3286" status="PASS">
          <reporter-output>
          </reporter-output>
        </test-method> <!-- updateProfile -->
        <test-method is-config="true" signature="tearDown()[pri:0, instance:com.nokri.UpdateNokriProfile@c730b35]" started-at="2025-02-24T10:34:27 IST" name="tearDown" finished-at="2025-02-24T10:34:27 IST" duration-ms="263" status="PASS">
          <reporter-output>
          </reporter-output>
        </test-method> <!-- tearDown -->
      </class> <!-- com.nokri.UpdateNokriProfile -->
    </test> <!-- Default test -->
  </suite> <!-- Default suite -->
</testng-results>
